# JRE version: Java(TM) SE Runtime Environment (8.0_361) (build 1.8.0_361-b09)
# Java VM: Java HotSpot(TM) 64-Bit Server VM (25.361-b09 mixed mode windows-amd64 )
Heap:
 PSYoungGen      total 3041792K, used 587245K [0x00000238fca00000, 0x0000023a08200000, 0x0000023cbca00000)
  eden space 2610176K, 8% used [0x00000238fca00000,0x000002390ab496b0,0x000002399bf00000)
  from space 431616K, 82% used [0x000002399bf00000,0x00000239b1b31f30,0x00000239b6480000)
  to   space 492032K, 0% used [0x00000239ea180000,0x00000239ea180000,0x0000023a08200000)
 ParOldGen       total 1830400K, used 1448461K [0x000002317ca00000, 0x00000231ec580000, 0x00000238fca00000)
  object space 1830400K, 79% used [0x000002317ca00000,0x00000231d50836f8,0x00000231ec580000)
 Metaspace       used 98558K, capacity 108082K, committed 110592K, reserved 110592K
GC Heap History (10 events):
Event: 35.265 GC heap before
{Heap before GC invocations=29 (full 9):
 PSYoungGen      total 1891840K, used 2054K [0x00000238fca00000, 0x00000239a5b00000, 0x0000023cbca00000)
  eden space 1519616K, 0% used [0x00000238fca00000,0x00000238fca00000,0x0000023959600000)
  from space 372224K, 0% used [0x0000023959600000,0x0000023959801800,0x0000023970180000)
  to   space 362496K, 0% used [0x000002398f900000,0x000002398f900000,0x00000239a5b00000)
 ParOldGen       total 1768960K, used 1616386K [0x000002317ca00000, 0x00000231e8980000, 0x00000238fca00000)
  object space 1768960K, 91% used [0x000002317ca00000,0x00000231df4809e0,0x00000231e8980000)
 Metaspace       used 97495K, capacity 106966K, committed 109824K, reserved 110592K
Event: 35.424 GC heap after
Heap after GC invocations=29 (full 9):
 PSYoungGen      total 1891840K, used 0K [0x00000238fca00000, 0x00000239a5b00000, 0x0000023cbca00000)
  eden space 1519616K, 0% used [0x00000238fca00000,0x00000238fca00000,0x0000023959600000)
  from space 372224K, 0% used [0x0000023959600000,0x0000023959600000,0x0000023970180000)
  to   space 362496K, 0% used [0x000002398f900000,0x000002398f900000,0x00000239a5b00000)
 ParOldGen       total 1830400K, used 1223274K [0x000002317ca00000, 0x00000231ec580000, 0x00000238fca00000)
  object space 1830400K, 66% used [0x000002317ca00000,0x00000231c749a9c8,0x00000231ec580000)
 Metaspace       used 97339K, capacity 106661K, committed 109824K, reserved 110592K
}
Event: 36.321 GC heap before
{Heap before GC invocations=30 (full 9):
 PSYoungGen      total 1891840K, used 1519616K [0x00000238fca00000, 0x00000239a5b00000, 0x0000023cbca00000)
  eden space 1519616K, 100% used [0x00000238fca00000,0x0000023959600000,0x0000023959600000)
  from space 372224K, 0% used [0x0000023959600000,0x0000023959600000,0x0000023970180000)
  to   space 362496K, 0% used [0x000002398f900000,0x000002398f900000,0x00000239a5b00000)
 ParOldGen       total 1830400K, used 1223274K [0x000002317ca00000, 0x00000231ec580000, 0x00000238fca00000)
  object space 1830400K, 66% used [0x000002317ca00000,0x00000231c749a9c8,0x00000231ec580000)
 Metaspace       used 97424K, capacity 106716K, committed 109824K, reserved 110592K
Event: 36.329 GC heap after
Heap after GC invocations=30 (full 9):
 PSYoungGen      total 2332672K, used 2218K [0x00000238fca00000, 0x00000239a2b80000, 0x0000023cbca00000)
  eden space 2018816K, 0% used [0x00000238fca00000,0x00000238fca00000,0x0000023977d80000)
  from space 313856K, 0% used [0x000002398f900000,0x000002398fb2a8d8,0x00000239a2b80000)
  to   space 351232K, 0% used [0x0000023977d80000,0x0000023977d80000,0x000002398d480000)
 ParOldGen       total 1830400K, used 1223282K [0x000002317ca00000, 0x00000231ec580000, 0x00000238fca00000)
  object space 1830400K, 66% used [0x000002317ca00000,0x00000231c749c9c8,0x00000231ec580000)
 Metaspace       used 97424K, capacity 106716K, committed 109824K, reserved 110592K
}
Event: 42.304 GC heap before
{Heap before GC invocations=31 (full 9):
 PSYoungGen      total 2332672K, used 2021034K [0x00000238fca00000, 0x00000239a2b80000, 0x0000023cbca00000)
  eden space 2018816K, 100% used [0x00000238fca00000,0x0000023977d80000,0x0000023977d80000)
  from space 313856K, 0% used [0x000002398f900000,0x000002398fb2a8d8,0x00000239a2b80000)
  to   space 351232K, 0% used [0x0000023977d80000,0x0000023977d80000,0x000002398d480000)
 ParOldGen       total 1830400K, used 1223282K [0x000002317ca00000, 0x00000231ec580000, 0x00000238fca00000)
  object space 1830400K, 66% used [0x000002317ca00000,0x00000231c749c9c8,0x00000231ec580000)
 Metaspace       used 97884K, capacity 107299K, committed 110336K, reserved 110592K
Event: 42.437 GC heap after
Heap after GC invocations=31 (full 9):
 PSYoungGen      total 2370048K, used 351230K [0x00000238fca00000, 0x00000239d3b80000, 0x0000023cbca00000)
  eden space 2018816K, 0% used [0x00000238fca00000,0x00000238fca00000,0x0000023977d80000)
  from space 351232K, 99% used [0x0000023977d80000,0x000002398d47f808,0x000002398d480000)
  to   space 444928K, 0% used [0x00000239b8900000,0x00000239b8900000,0x00000239d3b80000)
 ParOldGen       total 1830400K, used 1281140K [0x000002317ca00000, 0x00000231ec580000, 0x00000238fca00000)
  object space 1830400K, 69% used [0x000002317ca00000,0x00000231cad1d038,0x00000231ec580000)
 Metaspace       used 97884K, capacity 107299K, committed 110336K, reserved 110592K
}
Event: 43.586 GC heap before
{Heap before GC invocations=32 (full 9):
 PSYoungGen      total 2370048K, used 2370046K [0x00000238fca00000, 0x00000239d3b80000, 0x0000023cbca00000)
  eden space 2018816K, 100% used [0x00000238fca00000,0x0000023977d80000,0x0000023977d80000)
  from space 351232K, 99% used [0x0000023977d80000,0x000002398d47f808,0x000002398d480000)
  to   space 444928K, 0% used [0x00000239b8900000,0x00000239b8900000,0x00000239d3b80000)
 ParOldGen       total 1830400K, used 1281140K [0x000002317ca00000, 0x00000231ec580000, 0x00000238fca00000)
  object space 1830400K, 69% used [0x000002317ca00000,0x00000231cad1d038,0x00000231ec580000)
 Metaspace       used 97931K, capacity 107314K, committed 110336K, reserved 110592K
Event: 43.623 GC heap after
Heap after GC invocations=32 (full 9):
 PSYoungGen      total 3004416K, used 1104K [0x00000238fca00000, 0x00000239d0a00000, 0x0000023cbca00000)
  eden space 2610176K, 0% used [0x00000238fca00000,0x00000238fca00000,0x000002399bf00000)
  from space 394240K, 0% used [0x00000239b8900000,0x00000239b8a14220,0x00000239d0a00000)
  to   space 431616K, 0% used [0x000002399bf00000,0x000002399bf00000,0x00000239b6480000)
 ParOldGen       total 1830400K, used 1447866K [0x000002317ca00000, 0x00000231ec580000, 0x00000238fca00000)
  object space 1830400K, 79% used [0x000002317ca00000,0x00000231d4fee830,0x00000231ec580000)
 Metaspace       used 97931K, capacity 107314K, committed 110336K, reserved 110592K
}
Event: 46.954 GC heap before
{Heap before GC invocations=33 (full 9):
 PSYoungGen      total 3004416K, used 2611280K [0x00000238fca00000, 0x00000239d0a00000, 0x0000023cbca00000)
  eden space 2610176K, 100% used [0x00000238fca00000,0x000002399bf00000,0x000002399bf00000)
  from space 394240K, 0% used [0x00000239b8900000,0x00000239b8a14220,0x00000239d0a00000)
  to   space 431616K, 0% used [0x000002399bf00000,0x000002399bf00000,0x00000239b6480000)
 ParOldGen       total 1830400K, used 1447866K [0x000002317ca00000, 0x00000231ec580000, 0x00000238fca00000)
  object space 1830400K, 79% used [0x000002317ca00000,0x00000231d4fee830,0x00000231ec580000)
 Metaspace       used 98169K, capacity 107541K, committed 110336K, reserved 110592K
Event: 47.152 GC heap after
Heap after GC invocations=33 (full 9):
 PSYoungGen      total 3041792K, used 356551K [0x00000238fca00000, 0x0000023a08200000, 0x0000023cbca00000)
  eden space 2610176K, 0% used [0x00000238fca00000,0x00000238fca00000,0x000002399bf00000)
  from space 431616K, 82% used [0x000002399bf00000,0x00000239b1b31f30,0x00000239b6480000)
  to   space 492032K, 0% used [0x00000239ea180000,0x00000239ea180000,0x0000023a08200000)
 ParOldGen       total 1830400K, used 1448461K [0x000002317ca00000, 0x00000231ec580000, 0x00000238fca00000)
  object space 1830400K, 79% used [0x000002317ca00000,0x00000231d50836f8,0x00000231ec580000)
 Metaspace       used 98169K, capacity 107541K, committed 110336K, reserved 110592K
}

